<?xml version="1.0" encoding="UTF-8"?>
<testsuite xmlns:xsi="http://www.w3.org/2001/XMLSchema-instance" xsi:noNamespaceSchemaLocation="https://maven.apache.org/surefire/maven-surefire-plugin/xsd/surefire-test-report.xsd" version="3.0.2" name="com.ntt.ClientService.ClientServiceApplicationTests" time="3.5" tests="5" errors="0" skipped="0" failures="1">
  <properties>
    <property name="java.specification.version" value="24"/>
    <property name="sun.cpu.isalist" value="amd64"/>
    <property name="sun.jnu.encoding" value="Cp1252"/>
    <property name="java.class.path" value="C:\Users\Rentadvisor\OneDrive\Desktop\Pruebas desde el repositorio\Prueba_Tecnica\backend\target\test-classes;C:\Users\Rentadvisor\OneDrive\Desktop\Pruebas desde el repositorio\Prueba_Tecnica\backend\target\classes;C:\Users\Rentadvisor\.m2\repository\org\springframework\boot\spring-boot-starter-web\4.0.0-SNAPSHOT\spring-boot-starter-web-4.0.0-SNAPSHOT.jar;C:\Users\Rentadvisor\.m2\repository\org\springframework\boot\spring-boot-http-converter\4.0.0-SNAPSHOT\spring-boot-http-converter-4.0.0-SNAPSHOT.jar;C:\Users\Rentadvisor\.m2\repository\org\springframework\boot\spring-boot\4.0.0-SNAPSHOT\spring-boot-4.0.0-SNAPSHOT.jar;C:\Users\Rentadvisor\.m2\repository\org\springframework\spring-context\7.0.0-M7\spring-context-7.0.0-M7.jar;C:\Users\Rentadvisor\.m2\repository\org\springframework\spring-web\7.0.0-M7\spring-web-7.0.0-M7.jar;C:\Users\Rentadvisor\.m2\repository\org\springframework\spring-beans\7.0.0-M7\spring-beans-7.0.0-M7.jar;C:\Users\Rentadvisor\.m2\repository\io\micrometer\micrometer-observation\1.16.0-M1\micrometer-observation-1.16.0-M1.jar;C:\Users\Rentadvisor\.m2\repository\io\micrometer\micrometer-commons\1.16.0-M1\micrometer-commons-1.16.0-M1.jar;C:\Users\Rentadvisor\.m2\repository\org\springframework\boot\spring-boot-webmvc\4.0.0-SNAPSHOT\spring-boot-webmvc-4.0.0-SNAPSHOT.jar;C:\Users\Rentadvisor\.m2\repository\org\springframework\boot\spring-boot-servlet\4.0.0-SNAPSHOT\spring-boot-servlet-4.0.0-SNAPSHOT.jar;C:\Users\Rentadvisor\.m2\repository\org\springframework\spring-webmvc\7.0.0-M7\spring-webmvc-7.0.0-M7.jar;C:\Users\Rentadvisor\.m2\repository\org\springframework\spring-aop\7.0.0-M7\spring-aop-7.0.0-M7.jar;C:\Users\Rentadvisor\.m2\repository\org\springframework\spring-expression\7.0.0-M7\spring-expression-7.0.0-M7.jar;C:\Users\Rentadvisor\.m2\repository\org\springframework\boot\spring-boot-starter\4.0.0-SNAPSHOT\spring-boot-starter-4.0.0-SNAPSHOT.jar;C:\Users\Rentadvisor\.m2\repository\org\springframework\boot\spring-boot-autoconfigure\4.0.0-SNAPSHOT\spring-boot-autoconfigure-4.0.0-SNAPSHOT.jar;C:\Users\Rentadvisor\.m2\repository\org\springframework\boot\spring-boot-starter-logging\4.0.0-SNAPSHOT\spring-boot-starter-logging-4.0.0-SNAPSHOT.jar;C:\Users\Rentadvisor\.m2\repository\org\apache\logging\log4j\log4j-to-slf4j\2.24.3\log4j-to-slf4j-2.24.3.jar;C:\Users\Rentadvisor\.m2\repository\org\apache\logging\log4j\log4j-api\2.24.3\log4j-api-2.24.3.jar;C:\Users\Rentadvisor\.m2\repository\org\slf4j\jul-to-slf4j\2.0.17\jul-to-slf4j-2.0.17.jar;C:\Users\Rentadvisor\.m2\repository\jakarta\annotation\jakarta.annotation-api\3.0.0\jakarta.annotation-api-3.0.0.jar;C:\Users\Rentadvisor\.m2\repository\org\yaml\snakeyaml\2.4\snakeyaml-2.4.jar;C:\Users\Rentadvisor\.m2\repository\org\springframework\boot\spring-boot-starter-json\4.0.0-SNAPSHOT\spring-boot-starter-json-4.0.0-SNAPSHOT.jar;C:\Users\Rentadvisor\.m2\repository\org\springframework\boot\spring-boot-jackson\4.0.0-SNAPSHOT\spring-boot-jackson-4.0.0-SNAPSHOT.jar;C:\Users\Rentadvisor\.m2\repository\com\fasterxml\jackson\core\jackson-databind\2.19.1\jackson-databind-2.19.1.jar;C:\Users\Rentadvisor\.m2\repository\com\fasterxml\jackson\core\jackson-annotations\2.19.1\jackson-annotations-2.19.1.jar;C:\Users\Rentadvisor\.m2\repository\com\fasterxml\jackson\core\jackson-core\2.19.1\jackson-core-2.19.1.jar;C:\Users\Rentadvisor\.m2\repository\com\fasterxml\jackson\datatype\jackson-datatype-jdk8\2.19.1\jackson-datatype-jdk8-2.19.1.jar;C:\Users\Rentadvisor\.m2\repository\com\fasterxml\jackson\datatype\jackson-datatype-jsr310\2.19.1\jackson-datatype-jsr310-2.19.1.jar;C:\Users\Rentadvisor\.m2\repository\com\fasterxml\jackson\module\jackson-module-parameter-names\2.19.1\jackson-module-parameter-names-2.19.1.jar;C:\Users\Rentadvisor\.m2\repository\org\springframework\boot\spring-boot-starter-tomcat\4.0.0-SNAPSHOT\spring-boot-starter-tomcat-4.0.0-SNAPSHOT.jar;C:\Users\Rentadvisor\.m2\repository\org\springframework\boot\spring-boot-tomcat\4.0.0-SNAPSHOT\spring-boot-tomcat-4.0.0-SNAPSHOT.jar;C:\Users\Rentadvisor\.m2\repository\org\springframework\boot\spring-boot-web-server\4.0.0-SNAPSHOT\spring-boot-web-server-4.0.0-SNAPSHOT.jar;C:\Users\Rentadvisor\.m2\repository\org\apache\tomcat\embed\tomcat-embed-core\11.0.9\tomcat-embed-core-11.0.9.jar;C:\Users\Rentadvisor\.m2\repository\org\apache\tomcat\embed\tomcat-embed-el\11.0.9\tomcat-embed-el-11.0.9.jar;C:\Users\Rentadvisor\.m2\repository\org\apache\tomcat\embed\tomcat-embed-websocket\11.0.9\tomcat-embed-websocket-11.0.9.jar;C:\Users\Rentadvisor\.m2\repository\org\springframework\boot\spring-boot-starter-validation\4.0.0-SNAPSHOT\spring-boot-starter-validation-4.0.0-SNAPSHOT.jar;C:\Users\Rentadvisor\.m2\repository\org\springframework\boot\spring-boot-validation\4.0.0-SNAPSHOT\spring-boot-validation-4.0.0-SNAPSHOT.jar;C:\Users\Rentadvisor\.m2\repository\org\hibernate\validator\hibernate-validator\9.0.1.Final\hibernate-validator-9.0.1.Final.jar;C:\Users\Rentadvisor\.m2\repository\jakarta\validation\jakarta.validation-api\3.1.1\jakarta.validation-api-3.1.1.jar;C:\Users\Rentadvisor\.m2\repository\org\jboss\logging\jboss-logging\3.6.1.Final\jboss-logging-3.6.1.Final.jar;C:\Users\Rentadvisor\.m2\repository\com\fasterxml\classmate\1.7.0\classmate-1.7.0.jar;C:\Users\Rentadvisor\.m2\repository\org\springframework\boot\spring-boot-starter-test\4.0.0-SNAPSHOT\spring-boot-starter-test-4.0.0-SNAPSHOT.jar;C:\Users\Rentadvisor\.m2\repository\org\springframework\boot\spring-boot-test\4.0.0-SNAPSHOT\spring-boot-test-4.0.0-SNAPSHOT.jar;C:\Users\Rentadvisor\.m2\repository\org\springframework\boot\spring-boot-http-client\4.0.0-SNAPSHOT\spring-boot-http-client-4.0.0-SNAPSHOT.jar;C:\Users\Rentadvisor\.m2\repository\org\springframework\boot\spring-boot-http-codec\4.0.0-SNAPSHOT\spring-boot-http-codec-4.0.0-SNAPSHOT.jar;C:\Users\Rentadvisor\.m2\repository\org\springframework\boot\spring-boot-restclient\4.0.0-SNAPSHOT\spring-boot-restclient-4.0.0-SNAPSHOT.jar;C:\Users\Rentadvisor\.m2\repository\org\springframework\boot\spring-boot-restclient-test\4.0.0-SNAPSHOT\spring-boot-restclient-test-4.0.0-SNAPSHOT.jar;C:\Users\Rentadvisor\.m2\repository\org\springframework\boot\spring-boot-test-autoconfigure\4.0.0-SNAPSHOT\spring-boot-test-autoconfigure-4.0.0-SNAPSHOT.jar;C:\Users\Rentadvisor\.m2\repository\org\springframework\boot\spring-boot-web-server-test\4.0.0-SNAPSHOT\spring-boot-web-server-test-4.0.0-SNAPSHOT.jar;C:\Users\Rentadvisor\.m2\repository\org\springframework\boot\spring-boot-webclient\4.0.0-SNAPSHOT\spring-boot-webclient-4.0.0-SNAPSHOT.jar;C:\Users\Rentadvisor\.m2\repository\com\jayway\jsonpath\json-path\2.9.0\json-path-2.9.0.jar;C:\Users\Rentadvisor\.m2\repository\jakarta\xml\bind\jakarta.xml.bind-api\4.0.2\jakarta.xml.bind-api-4.0.2.jar;C:\Users\Rentadvisor\.m2\repository\jakarta\activation\jakarta.activation-api\2.1.3\jakarta.activation-api-2.1.3.jar;C:\Users\Rentadvisor\.m2\repository\net\minidev\json-smart\2.5.2\json-smart-2.5.2.jar;C:\Users\Rentadvisor\.m2\repository\net\minidev\accessors-smart\2.5.2\accessors-smart-2.5.2.jar;C:\Users\Rentadvisor\.m2\repository\org\ow2\asm\asm\9.7.1\asm-9.7.1.jar;C:\Users\Rentadvisor\.m2\repository\org\assertj\assertj-core\3.27.3\assertj-core-3.27.3.jar;C:\Users\Rentadvisor\.m2\repository\org\awaitility\awaitility\4.3.0\awaitility-4.3.0.jar;C:\Users\Rentadvisor\.m2\repository\org\hamcrest\hamcrest\3.0\hamcrest-3.0.jar;C:\Users\Rentadvisor\.m2\repository\org\junit\jupiter\junit-jupiter\5.13.3\junit-jupiter-5.13.3.jar;C:\Users\Rentadvisor\.m2\repository\org\junit\jupiter\junit-jupiter-api\5.13.3\junit-jupiter-api-5.13.3.jar;C:\Users\Rentadvisor\.m2\repository\org\opentest4j\opentest4j\1.3.0\opentest4j-1.3.0.jar;C:\Users\Rentadvisor\.m2\repository\org\junit\platform\junit-platform-commons\1.13.3\junit-platform-commons-1.13.3.jar;C:\Users\Rentadvisor\.m2\repository\org\apiguardian\apiguardian-api\1.1.2\apiguardian-api-1.1.2.jar;C:\Users\Rentadvisor\.m2\repository\org\junit\jupiter\junit-jupiter-params\5.13.3\junit-jupiter-params-5.13.3.jar;C:\Users\Rentadvisor\.m2\repository\org\junit\jupiter\junit-jupiter-engine\5.13.3\junit-jupiter-engine-5.13.3.jar;C:\Users\Rentadvisor\.m2\repository\org\junit\platform\junit-platform-engine\1.13.3\junit-platform-engine-1.13.3.jar;C:\Users\Rentadvisor\.m2\repository\org\mockito\mockito-junit-jupiter\5.18.0\mockito-junit-jupiter-5.18.0.jar;C:\Users\Rentadvisor\.m2\repository\org\skyscreamer\jsonassert\1.5.3\jsonassert-1.5.3.jar;C:\Users\Rentadvisor\.m2\repository\com\vaadin\external\google\android-json\0.0.20131108.vaadin1\android-json-0.0.20131108.vaadin1.jar;C:\Users\Rentadvisor\.m2\repository\org\springframework\spring-core\7.0.0-M7\spring-core-7.0.0-M7.jar;C:\Users\Rentadvisor\.m2\repository\commons-logging\commons-logging\1.3.5\commons-logging-1.3.5.jar;C:\Users\Rentadvisor\.m2\repository\org\jspecify\jspecify\1.0.0\jspecify-1.0.0.jar;C:\Users\Rentadvisor\.m2\repository\org\springframework\spring-test\7.0.0-M7\spring-test-7.0.0-M7.jar;C:\Users\Rentadvisor\.m2\repository\org\xmlunit\xmlunit-core\2.10.3\xmlunit-core-2.10.3.jar;C:\Users\Rentadvisor\.m2\repository\ch\qos\logback\logback-classic\1.5.18\logback-classic-1.5.18.jar;C:\Users\Rentadvisor\.m2\repository\ch\qos\logback\logback-core\1.5.18\logback-core-1.5.18.jar;C:\Users\Rentadvisor\.m2\repository\org\slf4j\slf4j-api\2.0.17\slf4j-api-2.0.17.jar;C:\Users\Rentadvisor\.m2\repository\org\projectlombok\lombok\1.18.38\lombok-1.18.38.jar;C:\Users\Rentadvisor\.m2\repository\org\mockito\mockito-core\5.3.1\mockito-core-5.3.1.jar;C:\Users\Rentadvisor\.m2\repository\net\bytebuddy\byte-buddy-agent\1.17.6\byte-buddy-agent-1.17.6.jar;C:\Users\Rentadvisor\.m2\repository\org\objenesis\objenesis\3.3\objenesis-3.3.jar;C:\Users\Rentadvisor\.m2\repository\net\bytebuddy\byte-buddy\1.14.5\byte-buddy-1.14.5.jar;"/>
    <property name="java.vm.vendor" value="Oracle Corporation"/>
    <property name="sun.arch.data.model" value="64"/>
    <property name="user.variant" value=""/>
    <property name="java.vendor.url" value="https://java.oracle.com/"/>
    <property name="user.timezone" value="America/Bogota"/>
    <property name="org.jboss.logging.provider" value="slf4j"/>
    <property name="os.name" value="Windows 11"/>
    <property name="java.vm.specification.version" value="24"/>
    <property name="APPLICATION_NAME" value="ClientService"/>
    <property name="user.country" value="CO"/>
    <property name="sun.java.launcher" value="SUN_STANDARD"/>
    <property name="sun.boot.library.path" value="C:\Users\Rentadvisor\.jdks\openjdk-24.0.1\bin"/>
    <property name="sun.java.command" value="C:\Users\Rentadvisor\AppData\Local\Temp\surefire7794811089355616974\surefirebooter-20250718090927489_3.jar C:\Users\Rentadvisor\AppData\Local\Temp\surefire7794811089355616974 2025-07-18T09-09-27_361-jvmRun1 surefire-20250718090927489_1tmp surefire_0-20250718090927489_2tmp"/>
    <property name="jdk.debug" value="release"/>
    <property name="surefire.test.class.path" value="C:\Users\Rentadvisor\OneDrive\Desktop\Pruebas desde el repositorio\Prueba_Tecnica\backend\target\test-classes;C:\Users\Rentadvisor\OneDrive\Desktop\Pruebas desde el repositorio\Prueba_Tecnica\backend\target\classes;C:\Users\Rentadvisor\.m2\repository\org\springframework\boot\spring-boot-starter-web\4.0.0-SNAPSHOT\spring-boot-starter-web-4.0.0-SNAPSHOT.jar;C:\Users\Rentadvisor\.m2\repository\org\springframework\boot\spring-boot-http-converter\4.0.0-SNAPSHOT\spring-boot-http-converter-4.0.0-SNAPSHOT.jar;C:\Users\Rentadvisor\.m2\repository\org\springframework\boot\spring-boot\4.0.0-SNAPSHOT\spring-boot-4.0.0-SNAPSHOT.jar;C:\Users\Rentadvisor\.m2\repository\org\springframework\spring-context\7.0.0-M7\spring-context-7.0.0-M7.jar;C:\Users\Rentadvisor\.m2\repository\org\springframework\spring-web\7.0.0-M7\spring-web-7.0.0-M7.jar;C:\Users\Rentadvisor\.m2\repository\org\springframework\spring-beans\7.0.0-M7\spring-beans-7.0.0-M7.jar;C:\Users\Rentadvisor\.m2\repository\io\micrometer\micrometer-observation\1.16.0-M1\micrometer-observation-1.16.0-M1.jar;C:\Users\Rentadvisor\.m2\repository\io\micrometer\micrometer-commons\1.16.0-M1\micrometer-commons-1.16.0-M1.jar;C:\Users\Rentadvisor\.m2\repository\org\springframework\boot\spring-boot-webmvc\4.0.0-SNAPSHOT\spring-boot-webmvc-4.0.0-SNAPSHOT.jar;C:\Users\Rentadvisor\.m2\repository\org\springframework\boot\spring-boot-servlet\4.0.0-SNAPSHOT\spring-boot-servlet-4.0.0-SNAPSHOT.jar;C:\Users\Rentadvisor\.m2\repository\org\springframework\spring-webmvc\7.0.0-M7\spring-webmvc-7.0.0-M7.jar;C:\Users\Rentadvisor\.m2\repository\org\springframework\spring-aop\7.0.0-M7\spring-aop-7.0.0-M7.jar;C:\Users\Rentadvisor\.m2\repository\org\springframework\spring-expression\7.0.0-M7\spring-expression-7.0.0-M7.jar;C:\Users\Rentadvisor\.m2\repository\org\springframework\boot\spring-boot-starter\4.0.0-SNAPSHOT\spring-boot-starter-4.0.0-SNAPSHOT.jar;C:\Users\Rentadvisor\.m2\repository\org\springframework\boot\spring-boot-autoconfigure\4.0.0-SNAPSHOT\spring-boot-autoconfigure-4.0.0-SNAPSHOT.jar;C:\Users\Rentadvisor\.m2\repository\org\springframework\boot\spring-boot-starter-logging\4.0.0-SNAPSHOT\spring-boot-starter-logging-4.0.0-SNAPSHOT.jar;C:\Users\Rentadvisor\.m2\repository\org\apache\logging\log4j\log4j-to-slf4j\2.24.3\log4j-to-slf4j-2.24.3.jar;C:\Users\Rentadvisor\.m2\repository\org\apache\logging\log4j\log4j-api\2.24.3\log4j-api-2.24.3.jar;C:\Users\Rentadvisor\.m2\repository\org\slf4j\jul-to-slf4j\2.0.17\jul-to-slf4j-2.0.17.jar;C:\Users\Rentadvisor\.m2\repository\jakarta\annotation\jakarta.annotation-api\3.0.0\jakarta.annotation-api-3.0.0.jar;C:\Users\Rentadvisor\.m2\repository\org\yaml\snakeyaml\2.4\snakeyaml-2.4.jar;C:\Users\Rentadvisor\.m2\repository\org\springframework\boot\spring-boot-starter-json\4.0.0-SNAPSHOT\spring-boot-starter-json-4.0.0-SNAPSHOT.jar;C:\Users\Rentadvisor\.m2\repository\org\springframework\boot\spring-boot-jackson\4.0.0-SNAPSHOT\spring-boot-jackson-4.0.0-SNAPSHOT.jar;C:\Users\Rentadvisor\.m2\repository\com\fasterxml\jackson\core\jackson-databind\2.19.1\jackson-databind-2.19.1.jar;C:\Users\Rentadvisor\.m2\repository\com\fasterxml\jackson\core\jackson-annotations\2.19.1\jackson-annotations-2.19.1.jar;C:\Users\Rentadvisor\.m2\repository\com\fasterxml\jackson\core\jackson-core\2.19.1\jackson-core-2.19.1.jar;C:\Users\Rentadvisor\.m2\repository\com\fasterxml\jackson\datatype\jackson-datatype-jdk8\2.19.1\jackson-datatype-jdk8-2.19.1.jar;C:\Users\Rentadvisor\.m2\repository\com\fasterxml\jackson\datatype\jackson-datatype-jsr310\2.19.1\jackson-datatype-jsr310-2.19.1.jar;C:\Users\Rentadvisor\.m2\repository\com\fasterxml\jackson\module\jackson-module-parameter-names\2.19.1\jackson-module-parameter-names-2.19.1.jar;C:\Users\Rentadvisor\.m2\repository\org\springframework\boot\spring-boot-starter-tomcat\4.0.0-SNAPSHOT\spring-boot-starter-tomcat-4.0.0-SNAPSHOT.jar;C:\Users\Rentadvisor\.m2\repository\org\springframework\boot\spring-boot-tomcat\4.0.0-SNAPSHOT\spring-boot-tomcat-4.0.0-SNAPSHOT.jar;C:\Users\Rentadvisor\.m2\repository\org\springframework\boot\spring-boot-web-server\4.0.0-SNAPSHOT\spring-boot-web-server-4.0.0-SNAPSHOT.jar;C:\Users\Rentadvisor\.m2\repository\org\apache\tomcat\embed\tomcat-embed-core\11.0.9\tomcat-embed-core-11.0.9.jar;C:\Users\Rentadvisor\.m2\repository\org\apache\tomcat\embed\tomcat-embed-el\11.0.9\tomcat-embed-el-11.0.9.jar;C:\Users\Rentadvisor\.m2\repository\org\apache\tomcat\embed\tomcat-embed-websocket\11.0.9\tomcat-embed-websocket-11.0.9.jar;C:\Users\Rentadvisor\.m2\repository\org\springframework\boot\spring-boot-starter-validation\4.0.0-SNAPSHOT\spring-boot-starter-validation-4.0.0-SNAPSHOT.jar;C:\Users\Rentadvisor\.m2\repository\org\springframework\boot\spring-boot-validation\4.0.0-SNAPSHOT\spring-boot-validation-4.0.0-SNAPSHOT.jar;C:\Users\Rentadvisor\.m2\repository\org\hibernate\validator\hibernate-validator\9.0.1.Final\hibernate-validator-9.0.1.Final.jar;C:\Users\Rentadvisor\.m2\repository\jakarta\validation\jakarta.validation-api\3.1.1\jakarta.validation-api-3.1.1.jar;C:\Users\Rentadvisor\.m2\repository\org\jboss\logging\jboss-logging\3.6.1.Final\jboss-logging-3.6.1.Final.jar;C:\Users\Rentadvisor\.m2\repository\com\fasterxml\classmate\1.7.0\classmate-1.7.0.jar;C:\Users\Rentadvisor\.m2\repository\org\springframework\boot\spring-boot-starter-test\4.0.0-SNAPSHOT\spring-boot-starter-test-4.0.0-SNAPSHOT.jar;C:\Users\Rentadvisor\.m2\repository\org\springframework\boot\spring-boot-test\4.0.0-SNAPSHOT\spring-boot-test-4.0.0-SNAPSHOT.jar;C:\Users\Rentadvisor\.m2\repository\org\springframework\boot\spring-boot-http-client\4.0.0-SNAPSHOT\spring-boot-http-client-4.0.0-SNAPSHOT.jar;C:\Users\Rentadvisor\.m2\repository\org\springframework\boot\spring-boot-http-codec\4.0.0-SNAPSHOT\spring-boot-http-codec-4.0.0-SNAPSHOT.jar;C:\Users\Rentadvisor\.m2\repository\org\springframework\boot\spring-boot-restclient\4.0.0-SNAPSHOT\spring-boot-restclient-4.0.0-SNAPSHOT.jar;C:\Users\Rentadvisor\.m2\repository\org\springframework\boot\spring-boot-restclient-test\4.0.0-SNAPSHOT\spring-boot-restclient-test-4.0.0-SNAPSHOT.jar;C:\Users\Rentadvisor\.m2\repository\org\springframework\boot\spring-boot-test-autoconfigure\4.0.0-SNAPSHOT\spring-boot-test-autoconfigure-4.0.0-SNAPSHOT.jar;C:\Users\Rentadvisor\.m2\repository\org\springframework\boot\spring-boot-web-server-test\4.0.0-SNAPSHOT\spring-boot-web-server-test-4.0.0-SNAPSHOT.jar;C:\Users\Rentadvisor\.m2\repository\org\springframework\boot\spring-boot-webclient\4.0.0-SNAPSHOT\spring-boot-webclient-4.0.0-SNAPSHOT.jar;C:\Users\Rentadvisor\.m2\repository\com\jayway\jsonpath\json-path\2.9.0\json-path-2.9.0.jar;C:\Users\Rentadvisor\.m2\repository\jakarta\xml\bind\jakarta.xml.bind-api\4.0.2\jakarta.xml.bind-api-4.0.2.jar;C:\Users\Rentadvisor\.m2\repository\jakarta\activation\jakarta.activation-api\2.1.3\jakarta.activation-api-2.1.3.jar;C:\Users\Rentadvisor\.m2\repository\net\minidev\json-smart\2.5.2\json-smart-2.5.2.jar;C:\Users\Rentadvisor\.m2\repository\net\minidev\accessors-smart\2.5.2\accessors-smart-2.5.2.jar;C:\Users\Rentadvisor\.m2\repository\org\ow2\asm\asm\9.7.1\asm-9.7.1.jar;C:\Users\Rentadvisor\.m2\repository\org\assertj\assertj-core\3.27.3\assertj-core-3.27.3.jar;C:\Users\Rentadvisor\.m2\repository\org\awaitility\awaitility\4.3.0\awaitility-4.3.0.jar;C:\Users\Rentadvisor\.m2\repository\org\hamcrest\hamcrest\3.0\hamcrest-3.0.jar;C:\Users\Rentadvisor\.m2\repository\org\junit\jupiter\junit-jupiter\5.13.3\junit-jupiter-5.13.3.jar;C:\Users\Rentadvisor\.m2\repository\org\junit\jupiter\junit-jupiter-api\5.13.3\junit-jupiter-api-5.13.3.jar;C:\Users\Rentadvisor\.m2\repository\org\opentest4j\opentest4j\1.3.0\opentest4j-1.3.0.jar;C:\Users\Rentadvisor\.m2\repository\org\junit\platform\junit-platform-commons\1.13.3\junit-platform-commons-1.13.3.jar;C:\Users\Rentadvisor\.m2\repository\org\apiguardian\apiguardian-api\1.1.2\apiguardian-api-1.1.2.jar;C:\Users\Rentadvisor\.m2\repository\org\junit\jupiter\junit-jupiter-params\5.13.3\junit-jupiter-params-5.13.3.jar;C:\Users\Rentadvisor\.m2\repository\org\junit\jupiter\junit-jupiter-engine\5.13.3\junit-jupiter-engine-5.13.3.jar;C:\Users\Rentadvisor\.m2\repository\org\junit\platform\junit-platform-engine\1.13.3\junit-platform-engine-1.13.3.jar;C:\Users\Rentadvisor\.m2\repository\org\mockito\mockito-junit-jupiter\5.18.0\mockito-junit-jupiter-5.18.0.jar;C:\Users\Rentadvisor\.m2\repository\org\skyscreamer\jsonassert\1.5.3\jsonassert-1.5.3.jar;C:\Users\Rentadvisor\.m2\repository\com\vaadin\external\google\android-json\0.0.20131108.vaadin1\android-json-0.0.20131108.vaadin1.jar;C:\Users\Rentadvisor\.m2\repository\org\springframework\spring-core\7.0.0-M7\spring-core-7.0.0-M7.jar;C:\Users\Rentadvisor\.m2\repository\commons-logging\commons-logging\1.3.5\commons-logging-1.3.5.jar;C:\Users\Rentadvisor\.m2\repository\org\jspecify\jspecify\1.0.0\jspecify-1.0.0.jar;C:\Users\Rentadvisor\.m2\repository\org\springframework\spring-test\7.0.0-M7\spring-test-7.0.0-M7.jar;C:\Users\Rentadvisor\.m2\repository\org\xmlunit\xmlunit-core\2.10.3\xmlunit-core-2.10.3.jar;C:\Users\Rentadvisor\.m2\repository\ch\qos\logback\logback-classic\1.5.18\logback-classic-1.5.18.jar;C:\Users\Rentadvisor\.m2\repository\ch\qos\logback\logback-core\1.5.18\logback-core-1.5.18.jar;C:\Users\Rentadvisor\.m2\repository\org\slf4j\slf4j-api\2.0.17\slf4j-api-2.0.17.jar;C:\Users\Rentadvisor\.m2\repository\org\projectlombok\lombok\1.18.38\lombok-1.18.38.jar;C:\Users\Rentadvisor\.m2\repository\org\mockito\mockito-core\5.3.1\mockito-core-5.3.1.jar;C:\Users\Rentadvisor\.m2\repository\net\bytebuddy\byte-buddy-agent\1.17.6\byte-buddy-agent-1.17.6.jar;C:\Users\Rentadvisor\.m2\repository\org\objenesis\objenesis\3.3\objenesis-3.3.jar;C:\Users\Rentadvisor\.m2\repository\net\bytebuddy\byte-buddy\1.14.5\byte-buddy-1.14.5.jar;"/>
    <property name="sun.cpu.endian" value="little"/>
    <property name="user.home" value="C:\Users\Rentadvisor"/>
    <property name="user.language" value="es"/>
    <property name="java.specification.vendor" value="Oracle Corporation"/>
    <property name="java.version.date" value="2025-04-15"/>
    <property name="java.home" value="C:\Users\Rentadvisor\.jdks\openjdk-24.0.1"/>
    <property name="file.separator" value="\"/>
    <property name="basedir" value="C:\Users\Rentadvisor\OneDrive\Desktop\Pruebas desde el repositorio\Prueba_Tecnica\backend"/>
    <property name="java.vm.compressedOopsMode" value="Zero based"/>
    <property name="line.separator" value="&#10;"/>
    <property name="java.vm.specification.vendor" value="Oracle Corporation"/>
    <property name="java.specification.name" value="Java Platform API Specification"/>
    <property name="FILE_LOG_CHARSET" value="UTF-8"/>
    <property name="java.awt.headless" value="true"/>
    <property name="surefire.real.class.path" value="C:\Users\Rentadvisor\AppData\Local\Temp\surefire7794811089355616974\surefirebooter-20250718090927489_3.jar"/>
    <property name="user.script" value=""/>
    <property name="sun.management.compiler" value="HotSpot 64-Bit Tiered Compilers"/>
    <property name="java.runtime.version" value="24.0.1+9-30"/>
    <property name="user.name" value="Rentadvisor"/>
    <property name="stdout.encoding" value="Cp1252"/>
    <property name="path.separator" value=";"/>
    <property name="os.version" value="10.0"/>
    <property name="java.runtime.name" value="OpenJDK Runtime Environment"/>
    <property name="file.encoding" value="UTF-8"/>
    <property name="FILE_LOG_PATTERN" value="%d{yyyy-MM-dd HH:mm:ss} [%thread] %-5level %logger{36} - %msg%n"/>
    <property name="java.vm.name" value="OpenJDK 64-Bit Server VM"/>
    <property name="LOG_FILE" value="logs/cliente-service.log"/>
    <property name="localRepository" value="C:\Users\Rentadvisor\.m2\repository"/>
    <property name="java.vendor.url.bug" value="https://bugreport.java.com/bugreport/"/>
    <property name="java.io.tmpdir" value="C:\Users\RENTAD~1\AppData\Local\Temp\"/>
    <property name="idea.version" value="2024.3.5"/>
    <property name="java.version" value="24.0.1"/>
    <property name="user.dir" value="C:\Users\Rentadvisor\OneDrive\Desktop\Pruebas desde el repositorio\Prueba_Tecnica\backend"/>
    <property name="os.arch" value="amd64"/>
    <property name="java.vm.specification.name" value="Java Virtual Machine Specification"/>
    <property name="PID" value="41872"/>
    <property name="sun.os.patch.level" value=""/>
    <property name="CONSOLE_LOG_CHARSET" value="windows-1252"/>
    <property name="native.encoding" value="Cp1252"/>
    <property name="java.library.path" value="C:\Users\Rentadvisor\.jdks\openjdk-24.0.1\bin;C:\WINDOWS\Sun\Java\bin;C:\WINDOWS\system32;C:\WINDOWS;C:\Program Files\Common Files\Oracle\Java\javapath;C:\Program Files (x86)\Common Files\Oracle\Java\java8path;C:\Program Files (x86)\Common Files\Oracle\Java\javapath;C:\WINDOWS\system32;C:\WINDOWS;C:\WINDOWS\System32\Wbem;C:\WINDOWS\System32\WindowsPowerShell\v1.0\;C:\WINDOWS\System32\OpenSSH\;C:\Program Files\Git\cmd;C:\Program Files\dotnet\;C:\Program Files (x86)\Windows Kits\10\Windows Performance Toolkit\;C:\Program Files\Microsoft SQL Server\150\Tools\Binn\;C:\Program Files\Microsoft SQL Server\Client SDK\ODBC\170\Tools\Binn\;C:\Program Files\apache-maven-3.9.9\bin;C:\Program Files\Java\jdk1.8.0_202\bin;C:\Program Files\Java\jdk-17\bin;C:\Program Files\Java\jdk-17\bin;C:\Program Files\nodejs\;C:\Users\Rentadvisor\AppData\Local\Programs\Python\Python310\Scripts\;C:\Users\Rentadvisor\AppData\Local\Programs\Python\Python310\;C:\Program Files\Java\jdk-17\bin;C:\Program Files\Common Files\Oracle\Java\javapath;C:\Program Files (x86)\Common Files\Oracle\Java\java8path;C:\Program Files (x86)\Common Files\Oracle\Java\javapath;C:\WINDOWS\system32;C:\WINDOWS;C:\WINDOWS\System32\Wbem;C:\WINDOWS\System32\WindowsPowerShell\v1.0\;C:\WINDOWS\System32\OpenSSH\;C:\Program Files\Git\cmd;C:\Program Files\dotnet\;C:\Program Files (x86)\Windows Kits\10\Windows Performance Toolkit\;C:\Program Files\Microsoft SQL Server\150\Tools\Binn\;C:\Program Files\Microsoft SQL Server\Client SDK\ODBC\170\Tools\Binn\;C:\Program Files\apache-maven-3.9.9\bin;C:\Program Files\Java\jdk1.8.0_202\bin;C:\Program Files\Java\jdk-17\bin;C:\Program Files\Java\jdk-17\bin;C:\Program Files\nodejs\;C:\Users\Rentadvisor\AppData\Local\Programs\Microsoft VS Code\bin;C:\Users\Rentadvisor\AppData\Local\GitHubDesktop\bin;C:\Program Files\JetBrains\IntelliJ IDEA Community Edition 2024.3.5\bin;;C:\Users\Rentadvisor\AppData\Roaming\npm;."/>
    <property name="java.vm.info" value="mixed mode, sharing"/>
    <property name="stderr.encoding" value="Cp1252"/>
    <property name="java.vendor" value="Oracle Corporation"/>
    <property name="java.vm.version" value="24.0.1+9-30"/>
    <property name="sun.io.unicode.encoding" value="UnicodeLittle"/>
    <property name="java.class.version" value="68.0"/>
    <property name="LOGGED_APPLICATION_NAME" value="[ClientService] "/>
  </properties>
  <testcase name="healthCheck_Success" classname="com.ntt.ClientService.ClientServiceApplicationTests" time="0.779">
    <failure message="Status expected:&lt;200&gt; but was:&lt;500&gt;" type="java.lang.AssertionError"><![CDATA[java.lang.AssertionError: Status expected:<200> but was:<500>
	at org.springframework.test.util.AssertionErrors.fail(AssertionErrors.java:62)
	at org.springframework.test.util.AssertionErrors.assertEquals(AssertionErrors.java:129)
	at org.springframework.test.web.servlet.result.StatusResultMatchers.lambda$matcher$0(StatusResultMatchers.java:564)
	at org.springframework.test.web.servlet.MockMvc$1.andExpect(MockMvc.java:212)
	at com.ntt.ClientService.ClientServiceApplicationTests.healthCheck_Success(ClientServiceApplicationTests.java:92)
	at java.base/java.lang.reflect.Method.invoke(Method.java:565)
	at java.base/java.util.ArrayList.forEach(ArrayList.java:1604)
	at java.base/java.util.ArrayList.forEach(ArrayList.java:1604)
]]></failure>
    <system-out><![CDATA[09:09:28.592 [main] INFO org.springframework.test.context.support.AnnotationConfigContextLoaderUtils -- Could not detect default configuration classes for test class [com.ntt.ClientService.ClientServiceApplicationTests]: ClientServiceApplicationTests does not declare any static, non-private, non-final, nested classes annotated with @Configuration.
09:09:28.758 [main] INFO org.springframework.boot.test.context.SpringBootTestContextBootstrapper -- Found @SpringBootConfiguration com.ntt.ClientService.ClientServiceApplication for test class com.ntt.ClientService.ClientServiceApplicationTests

  .   ____          _            __ _ _
 /\\ / ___'_ __ _ _(_)_ __  __ _ \ \ \ \
( ( )\___ | '_ | '_| | '_ \/ _` | \ \ \ \
 \\/  ___)| |_)| | | | | || (_| |  ) ) ) )
  '  |____| .__|_| |_|_| |_\__, | / / / /
 =========|_|==============|___/=/_/_/_/

 :: Spring Boot ::       (v4.0.0-SNAPSHOT)

2025-07-18 09:09:29 [main] INFO  c.n.C.ClientServiceApplicationTests - Starting ClientServiceApplicationTests using Java 24.0.1 with PID 41872 (started by Rentadvisor in C:\Users\Rentadvisor\OneDrive\Desktop\Pruebas desde el repositorio\Prueba_Tecnica\backend)
2025-07-18 09:09:29 [main] DEBUG c.n.C.ClientServiceApplicationTests - Running with Spring Boot v4.0.0-SNAPSHOT, Spring v7.0.0-M7
2025-07-18 09:09:29 [main] INFO  c.n.C.ClientServiceApplicationTests - No active profile set, falling back to 1 default profile: "default"
2025-07-18 09:09:30 [main] INFO  o.s.b.t.m.w.SpringBootMockServletContext - Initializing Spring TestDispatcherServlet ''
2025-07-18 09:09:30 [main] INFO  o.s.t.w.s.TestDispatcherServlet - Initializing Servlet ''
2025-07-18 09:09:30 [main] INFO  o.s.t.w.s.TestDispatcherServlet - Completed initialization in 2 ms
2025-07-18 09:09:30 [main] INFO  c.n.C.ClientServiceApplicationTests - Started ClientServiceApplicationTests in 1.858 seconds (process running for 3.156)
2025-07-18 09:09:31 [main] WARN  o.s.web.servlet.PageNotFound - No mapping for GET /api/clientes/health

MockHttpServletRequest:
      HTTP Method = GET
      Request URI = /api/clientes/health
       Parameters = {}
          Headers = []
             Body = null
    Session Attrs = {}

Handler:
             Type = null

Async:
    Async started = false
     Async result = null

Resolved Exception:
             Type = org.springframework.web.servlet.NoHandlerFoundException

ModelAndView:
        View name = null
             View = null
            Model = null

FlashMap:
       Attributes = null

MockHttpServletResponse:
           Status = 500
    Error message = null
          Headers = [Content-Type:"application/json"]
     Content type = application/json
             Body = {"status":500,"message":"Error interno del servidor"}
    Forwarded URL = null
   Redirected URL = null
          Cookies = []
]]></system-out>
    <system-err><![CDATA[WARNING: A Java agent has been loaded dynamically (C:\Users\Rentadvisor\.m2\repository\net\bytebuddy\byte-buddy-agent\1.17.6\byte-buddy-agent-1.17.6.jar)
WARNING: If a serviceability tool is in use, please run with -XX:+EnableDynamicAgentLoading to hide this warning
WARNING: If a serviceability tool is not in use, please run with -Djdk.instrument.traceUsage for more information
WARNING: Dynamic loading of agents will be disallowed by default in a future release
]]></system-err>
  </testcase>
  <testcase name="consultarCliente_MissingDocumentNumber" classname="com.ntt.ClientService.ClientServiceApplicationTests" time="0.145"/>
  <testcase name="consultarCliente_InvalidDocumentType" classname="com.ntt.ClientService.ClientServiceApplicationTests" time="0.006"/>
  <testcase name="consultarCliente_NotFound" classname="com.ntt.ClientService.ClientServiceApplicationTests" time="0.007">
    <system-out><![CDATA[2025-07-18 09:09:31 [main] INFO  c.n.C.controller.ClientController - Solicitud recibida - TipoDoc: C, NumDoc: 11111111
2025-07-18 09:09:31 [main] WARN  c.n.C.controller.ClientController - Cliente no encontrado - TipoDoc: C, NumDoc: 11111111
]]></system-out>
  </testcase>
  <testcase name="consultarCliente_Success" classname="com.ntt.ClientService.ClientServiceApplicationTests" time="0.054">
    <system-out><![CDATA[2025-07-18 09:09:31 [main] INFO  c.n.C.controller.ClientController - Solicitud recibida - TipoDoc: C, NumDoc: 23445322
2025-07-18 09:09:31 [main] INFO  c.n.C.controller.ClientController - Cliente encontrado: ClientResponse(primerNombre=Duvan, segundoNombre=Andres, primerApellido=Galvis, segundoApellido=Brito, telefono=3203460370, direccion=Carrera 58 #2c-95, ciudadResidencia=Bogotá)
]]></system-out>
  </testcase>
</testsuite>